\BOOKMARK [0][-]{chapter*.2}{\376\377\000K\000i\000v\000o\000n\000a\000t}{}% 1
\BOOKMARK [0][-]{chapter*.3}{\376\377\000A\000b\000s\000t\000r\000a\000c\000t}{}% 2
\BOOKMARK [0][-]{chapter.1}{\376\377\000B\000e\000v\000e\000z\000e\000t\000\351\000s}{}% 3
\BOOKMARK [0][-]{chapter.2}{\376\377\000M\000i\000k\000r\000o\000\040\000s\000z\000o\000l\000g\000\341\000l\000t\000a\000t\000\341\000s\000o\000k}{}% 4
\BOOKMARK [1][-]{section.2.1}{\376\377\000\043\000\043\000\043\000\040\000D\000e\000f\000i\000n\000\355\000c\000i\000\363}{chapter.2}% 5
\BOOKMARK [1][-]{section.2.2}{\376\377\000\043\000\043\000\043\000\040\000A\000\040\000t\000e\000c\000h\000n\000o\000l\000\363\000g\000i\000\341\000r\000\363\000l}{chapter.2}% 6
\BOOKMARK [1][-]{section.2.3}{\376\377\000\043\000\043\000\040\000A\000r\000c\000h\000i\000t\000e\000k\000t\000\372\000r\000\341\000l\000i\000s\000\040\000m\000i\000n\000t\000\341\000k\000h\000o\000z\000\040\000v\000a\000l\000\363\000\040\000v\000i\000s\000z\000o\000n\000y\000a}{chapter.2}% 7
\BOOKMARK [2][-]{subsection.2.3.1}{\376\377\000P\000\351\000l\000d\000\341\000k\000:}{section.2.3}% 8
\BOOKMARK [0][-]{chapter.3}{\376\377\000E\000l\001\121\000n\000y\000\366\000k}{}% 9
\BOOKMARK [1][-]{section.3.1}{\376\377\000S\000k\000\341\000l\000\341\000z\000h\000a\000t\000\363\000s\000\341\000g}{chapter.3}% 10
\BOOKMARK [0][-]{chapter.4}{\376\377\000H\000\341\000t\000r\000\341\000n\000y\000o\000k}{}% 11
\BOOKMARK [1][-]{section.4.1}{\376\377\000B\000o\000n\000y\000o\000l\000u\000l\000t\000\040\000f\000e\000j\000l\000e\000s\000z\000t\000\351\000s}{chapter.4}% 12
\BOOKMARK [0][-]{chapter.5}{\376\377\000\326\000s\000s\000z\000e\000h\000a\000s\000o\000n\000l\000\355\000t\000v\000a\000\040\000a\000\040\000m\000o\000n\000o\000l\000i\000t\000i\000k\000u\000s\000\040\000a\000r\000c\000h\000i\000t\000e\000k\000t\000\372\000r\000\341\000v\000a\000l}{}% 13
\BOOKMARK [0][-]{chapter.6}{\376\377\000T\000e\000c\000h\000n\000o\000l\000\363\000g\000i\000a\000i\000\040\000\341\000t\000t\000e\000k\000i\000n\000t\000\351\000s}{}% 14
\BOOKMARK [1][-]{section.6.1}{\376\377\000T\000e\000l\000e\000p\000\355\000t\000\351\000s\000i\000\040\000t\000e\000c\000h\000n\000o\000l\000\363\000g\000i\000\341\000k}{chapter.6}% 15
\BOOKMARK [1][-]{section.6.2}{\376\377\000K\000\366\000r\000n\000y\000e\000z\000e\000t\000\040\000f\000e\000l\000d\000e\000r\000\355\000t\000\351\000s\000i\000\040\000t\000e\000c\000h\000n\000o\000l\000\363\000g\000i\000\341\000k}{chapter.6}% 16
\BOOKMARK [1][-]{section.6.3}{\376\377\000I\000n\000t\000e\000g\000r\000\341\000c\000i\000\363\000s\000\040\000k\000e\000r\000e\000t\000r\000e\000n\000d\000s\000z\000e\000r\000e\000k}{chapter.6}% 17
\BOOKMARK [1][-]{section.6.4}{\376\377\000S\000k\000\341\000l\000\341\000z\000\341\000s\000i\000\040\000t\000e\000c\000h\000n\000o\000l\000\363\000g\000i\000\341\000k}{chapter.6}% 18
\BOOKMARK [1][-]{section.6.5}{\376\377\000T\000e\000r\000h\000e\000l\000\351\000s\000\040\000e\000l\000o\000s\000z\000t\000\341\000s}{chapter.6}% 19
\BOOKMARK [1][-]{section.6.6}{\376\377\000V\000i\000r\000t\000u\000a\000l\000i\000z\000\341\000c\000i\000\363\000s\000\040\000t\000e\000c\000h\000n\000o\000l\000\363\000g\000i\000\341\000l}{chapter.6}% 20
\BOOKMARK [1][-]{section.6.7}{\376\377\000S\000e\000r\000v\000i\000c\000e\000\040\000r\000e\000g\000i\000s\000t\000y\000-\000k}{chapter.6}% 21
\BOOKMARK [1][-]{section.6.8}{\376\377\000M\000o\000n\000i\000t\000o\000r\000o\000z\000\341\000s\000,\000\040\000l\000o\000g\000g\000o\000l\000\341\000s}{chapter.6}% 22
\BOOKMARK [0][-]{chapter.7}{\376\377\000K\000o\000m\000m\000u\000n\000i\000k\000\341\000c\000i\000\363\000s\000\040\000m\000\363\000d\000s\000z\000e\000r\000e\000k}{}% 23
\BOOKMARK [0][-]{chapter.8}{\376\377\000M\000i\000n\000t\000a\000\040\000a\000l\000k\000a\000l\000m\000a\000z\000\341\000s\000\040\000t\000e\000r\000v\000e}{}% 24
\BOOKMARK [1][-]{section.8.1}{\376\377\000A\000l\000k\000a\000l\000m\000a\000z\000\341\000s\000\040\000l\000e\000\355\000r\000\341\000s\000:}{chapter.8}% 25
\BOOKMARK [1][-]{section.8.2}{\376\377\000S\000z\000o\000l\000g\000\341\000l\000t\000a\000t\000\341\000s\000o\000k\000:}{chapter.8}% 26
\BOOKMARK [0][-]{chapter.9}{\376\377\000M\000i\000n\000t\000a\000\040\000a\000l\000k\000a\000l\000m\000a\000z\000\341\000s\000\040\000e\000l\000k\000\351\000s\000z\000\355\000t\000\351\000s\000e}{}% 27
\BOOKMARK [1][-]{section.9.1}{\376\377\000M\000e\000g\000v\000a\000l\000\363\000s\000\355\000t\000\341\000s\000\040\000D\000o\000c\000k\000e\000r\000\040\000k\000o\000n\000t\000\351\000n\000e\000r\000e\000k\000k\000e\000l\000:}{chapter.9}% 28
\BOOKMARK [1][-]{section.9.2}{\376\377\000K\000a\000p\000c\000s\000o\000l\000a\000t\000o\000k\000\040\000\351\000p\000\355\000t\000\351\000s\000e\000\040\000C\000o\000n\000s\000u\000l\000-\000a\000l\000:}{chapter.9}% 29
\BOOKMARK [1][-]{section.9.3}{\376\377\000K\000a\000p\000c\000s\000o\000l\000a\000t\000o\000k\000\040\000\351\000p\000\355\000t\000\351\000s\000e\000\040\000D\000o\000c\000k\000e\000r\000-\000e\000l\000:}{chapter.9}% 30
\BOOKMARK [1][-]{section.9.4}{\376\377\000K\000a\000p\000c\000s\000o\000l\000a\000t\000o\000k\000\040\000\351\000p\000\355\000t\000\351\000s\000e\000\040\000Z\000o\000o\000k\000e\000e\000p\000e\000r\000-\000e\000l\000:}{chapter.9}% 31
\BOOKMARK [1][-]{section.9.5}{\376\377\000A\000u\000t\000o\000m\000a\000t\000i\000z\000\341\000l\000\341\000s\000:}{chapter.9}% 32
\BOOKMARK [1][-]{section.9.6}{\376\377\000J\000e\000n\000k\000i\000n\000s\000\040\000J\000o\000b\000-\000o\000k\000\040\000f\000e\000j\000e\000l\000e\000s\000z\000t\000\351\000s\000e\000:}{chapter.9}% 33
\BOOKMARK [1][-]{section.9.7}{\376\377\000E\000g\000y\000\351\000b\000\040\000m\000i\000n\000t\000a\000\040\000a\000l\000k\000a\000l\000m\000a\000z\000\341\000s\000o\000k\000:}{chapter.9}% 34
\BOOKMARK [0][-]{chapter.10}{\376\377\000\326\000s\000s\000z\000e\000f\000o\000g\000l\000a\000l\000\363}{}% 35
\BOOKMARK [0][-]{chapter*.10}{\376\377\000I\000r\000o\000d\000a\000l\000o\000m\000j\000e\000g\000y\000z\000\351\000k}{}% 36
\BOOKMARK [0][-]{appendix.A}{\376\377\000F\000\374\000g\000g\000e\000l\000\351\000k}{}% 37
